Debug:2021/05/30 22:17:51 reverse.go:18: [49 50 51]
Debug:2021/05/30 22:17:51 reverse.go:18: [49 50 51]
Debug:2021/05/30 22:19:37 reverse.go:18: b= [49 50 51]
Debug:2021/05/30 22:19:37 reverse.go:18: b= [49 50 51]
Debug:2021/05/30 22:23:20 reverse.go:18: b= [49 50 51]
Debug:2021/05/30 22:23:20 reverse.go:21: 当前循环的字母2
Debug:2021/05/30 22:23:20 reverse.go:21: 当前循环的字母1
Debug:2021/05/30 22:23:20 reverse.go:21: 当前循环的字母0
Debug:2021/05/30 22:23:20 reverse.go:18: b= [49 50 51]
Debug:2021/05/30 22:23:20 reverse.go:21: 当前循环的字母2
Debug:2021/05/30 22:23:20 reverse.go:21: 当前循环的字母1
Debug:2021/05/30 22:23:20 reverse.go:21: 当前循环的字母0
Debug:2021/05/30 22:24:05 reverse.go:18: b= [49 50 51]
Debug:2021/05/30 22:24:05 reverse.go:21: 当前循环的字母51
Debug:2021/05/30 22:24:05 reverse.go:21: 当前循环的字母50
Debug:2021/05/30 22:24:05 reverse.go:21: 当前循环的字母49
Debug:2021/05/30 22:24:05 reverse.go:18: b= [49 50 51]
Debug:2021/05/30 22:24:05 reverse.go:21: 当前循环的字母51
Debug:2021/05/30 22:24:05 reverse.go:21: 当前循环的字母50
Debug:2021/05/30 22:24:05 reverse.go:21: 当前循环的字母49
Debug:2021/05/30 22:24:15 reverse.go:18: b= [49 50 51]
Debug:2021/05/30 22:24:15 reverse.go:21: 当前循环的字母51
Debug:2021/05/30 22:24:15 reverse.go:21: 当前循环的字母50
Debug:2021/05/30 22:24:15 reverse.go:21: 当前循环的字母49
Debug:2021/05/30 22:24:15 reverse.go:18: b= [49 50 51]
Debug:2021/05/30 22:24:15 reverse.go:21: 当前循环的字母51
Debug:2021/05/30 22:24:15 reverse.go:21: 当前循环的字母50
Debug:2021/05/30 22:24:15 reverse.go:21: 当前循环的字母49
Debug:2021/05/30 22:41:14 maxLength.go:18: 1
Debug:2021/05/30 22:41:14 maxLength.go:18: 2
Debug:2021/05/30 22:41:14 maxLength.go:18: 3
Debug:2021/05/30 22:41:41 maxLength.go:18: 1
Debug:2021/05/30 22:41:41 maxLength.go:18: 2
Debug:2021/05/30 22:41:41 maxLength.go:18: 3
Debug:2021/05/30 22:41:41 maxLength.go:18: 4
Debug:2021/05/30 22:41:41 maxLength.go:18: 5
Debug:2021/05/30 22:41:41 maxLength.go:18: 6
Debug:2021/05/30 22:41:41 maxLength.go:18: 7
Debug:2021/05/30 22:41:41 maxLength.go:18: 8
Debug:2021/05/30 22:41:41 maxLength.go:18: 9
Debug:2021/05/30 22:41:41 maxLength.go:18: 10
Debug:2021/05/30 22:41:41 maxLength.go:18: 11
Debug:2021/05/30 22:43:45 maxLength.go:21: 0
Debug:2021/05/30 22:43:45 maxLength.go:21: 0
Debug:2021/05/30 22:43:45 maxLength.go:21: 0
Debug:2021/05/30 22:43:45 maxLength.go:21: 0
Debug:2021/05/30 22:46:07 maxLength.go:21: 0
Debug:2021/05/30 22:46:07 maxLength.go:23: map[2:false 3:false]
Debug:2021/05/30 22:46:07 maxLength.go:21: 0
Debug:2021/05/30 22:46:07 maxLength.go:23: map[2:false 3:false 4:false]
Debug:2021/05/30 22:46:07 maxLength.go:21: 0
Debug:2021/05/30 22:46:07 maxLength.go:23: map[2:false 3:false 4:false 8:false]
Debug:2021/05/30 22:46:07 maxLength.go:21: 0
Debug:2021/05/30 22:46:07 maxLength.go:23: map[2:false 3:false 4:false 8:false 99:false]
Debug:2021/05/30 22:46:31 maxLength.go:25: map[2:false]
Debug:2021/05/30 22:46:31 maxLength.go:21: 0
Debug:2021/05/30 22:46:31 maxLength.go:21: 0
Debug:2021/05/30 22:46:31 maxLength.go:21: 0
Debug:2021/05/30 22:46:31 maxLength.go:21: 0
Debug:2021/05/30 22:46:31 maxLength.go:25: map[2:false 3:false 4:false 8:false 99:false]
Debug:2021/05/30 22:46:31 maxLength.go:25: map[2:false 3:false 4:false 8:false 99:false]
Debug:2021/05/30 22:46:31 maxLength.go:25: map[2:false 3:false 4:false 8:false 99:false]
Debug:2021/05/30 22:46:31 maxLength.go:25: map[2:false 3:false 4:false 8:false 99:false]
Debug:2021/05/30 22:46:31 maxLength.go:25: map[2:false 3:false 4:false 8:false 99:false]
Debug:2021/05/30 22:46:31 maxLength.go:25: map[2:false 3:false 4:false 8:false 99:false]
Debug:2021/05/30 23:04:32 maxLength.go:14: 0 1
Debug:2021/05/30 23:04:32 maxLength.go:14: 1 2
Debug:2021/05/30 23:04:32 maxLength.go:14: 1 3
Debug:2021/05/30 23:04:32 maxLength.go:14: 1 4
Debug:2021/05/30 23:04:32 maxLength.go:14: 1 5
Debug:2021/05/30 23:04:32 maxLength.go:14: 2 3
Debug:2021/05/30 23:04:32 maxLength.go:14: 2 4
Debug:2021/05/30 23:04:32 maxLength.go:14: 2 5
Debug:2021/05/30 23:04:32 maxLength.go:14: 3 4
Debug:2021/05/30 23:04:32 maxLength.go:14: 3 5
Debug:2021/05/30 23:04:32 maxLength.go:14: 4 5
Debug:2021/05/30 23:05:08 maxLength.go:14: 0 1
Debug:2021/05/30 23:05:11 maxLength.go:14: 1 2
Debug:2021/05/30 23:05:11 maxLength.go:14: 1 3
Debug:2021/05/30 23:05:11 maxLength.go:14: 1 4
Debug:2021/05/30 23:05:11 maxLength.go:14: 1 5
Debug:2021/05/30 23:05:11 maxLength.go:14: 2 3
Debug:2021/05/30 23:05:11 maxLength.go:14: 2 4
Debug:2021/05/30 23:05:11 maxLength.go:14: 2 5
Debug:2021/05/30 23:05:11 maxLength.go:14: 3 4
Debug:2021/05/30 23:05:11 maxLength.go:14: 3 5
Debug:2021/05/30 23:05:11 maxLength.go:14: 4 5
Debug:2021/05/30 23:05:16 maxLength.go:14: 0 1
Debug:2021/05/30 23:05:41 maxLength.go:14: 0 1
Debug:2021/05/30 23:05:47 maxLength.go:14: 1 2
Debug:2021/05/30 23:05:49 maxLength.go:14: 1 3
Debug:2021/05/30 23:05:50 maxLength.go:14: 1 4
Debug:2021/05/30 23:05:51 maxLength.go:14: 1 5
Debug:2021/05/30 23:05:54 maxLength.go:14: 2 3
Debug:2021/05/30 23:05:56 maxLength.go:14: 2 4
Debug:2021/05/30 23:05:57 maxLength.go:14: 2 5
Debug:2021/05/30 23:07:23 maxLength.go:14: 0 1
Debug:2021/05/30 23:07:23 maxLength.go:14: 1 2
Debug:2021/05/30 23:07:23 maxLength.go:14: 1 3
Debug:2021/05/30 23:07:23 maxLength.go:14: 1 4
Debug:2021/05/30 23:07:23 maxLength.go:14: 1 5
Debug:2021/05/30 23:07:23 maxLength.go:14: 2 3
Debug:2021/05/30 23:07:23 maxLength.go:14: 2 4
Debug:2021/05/30 23:07:23 maxLength.go:14: 2 5
Debug:2021/05/30 23:07:23 maxLength.go:14: 3 4
Debug:2021/05/30 23:07:23 maxLength.go:14: 3 5
Debug:2021/05/30 23:07:23 maxLength.go:14: 4 5
Debug:2021/05/31 11:48:15 longestCommonPrefix.go:14: 此次循环字符串长度4
Debug:2021/05/31 11:48:15 longestCommonPrefix.go:14: 此次循环字符串长度3
Debug:2021/05/31 11:48:15 longestCommonPrefix.go:14: 此次循环字符串长度4
Debug:2021/05/31 11:48:15 longestCommonPrefix.go:14: 此次循环字符串长度3
Debug:2021/05/31 11:48:15 longestCommonPrefix.go:14: 此次循环字符串长度4
Debug:2021/05/31 11:50:41 longestCommonPrefix.go:16: 此次循环字符串长度4
Debug:2021/05/31 11:50:41 longestCommonPrefix.go:16: 此次循环字符串长度3
Debug:2021/05/31 11:50:41 longestCommonPrefix.go:16: 此次循环字符串长度4
Debug:2021/05/31 11:50:41 longestCommonPrefix.go:16: 此次循环字符串长度3
Debug:2021/05/31 11:50:41 longestCommonPrefix.go:16: 此次循环字符串长度4
Debug:2021/05/31 13:56:43 longestCommonPrefix.go:29: 此次循环字符串长度4
Debug:2021/05/31 13:56:43 longestCommonPrefix.go:29: 此次循环字符串长度3
Debug:2021/05/31 13:56:43 longestCommonPrefix.go:29: 此次循环字符串长度4
Debug:2021/05/31 13:56:43 longestCommonPrefix.go:29: 此次循环字符串长度3
Debug:2021/05/31 13:56:43 longestCommonPrefix.go:29: 此次循环字符串长度4
Debug:2021/05/31 13:59:05 longestCommonPrefix.go:30: 此次循环字符串长度4
Debug:2021/05/31 13:59:05 longestCommonPrefix.go:30: 此次循环字符串长度3
Debug:2021/05/31 13:59:05 longestCommonPrefix.go:30: 此次循环字符串长度4
Debug:2021/05/31 13:59:05 longestCommonPrefix.go:30: 此次循环字符串长度3
Debug:2021/05/31 13:59:05 longestCommonPrefix.go:30: 此次循环字符串长度4
Debug:2021/05/31 13:59:05 longestCommonPrefix.go:22: 0
Debug:2021/05/31 15:56:42 longestCommonPrefix.go:32: 此次循环字符串长度4
Debug:2021/05/31 15:56:42 longestCommonPrefix.go:32: 此次循环字符串长度3
Debug:2021/05/31 15:56:42 longestCommonPrefix.go:32: 此次循环字符串长度4
Debug:2021/05/31 15:56:42 longestCommonPrefix.go:32: 此次循环字符串长度3
Debug:2021/05/31 15:56:42 longestCommonPrefix.go:32: 此次循环字符串长度4
Debug:2021/05/31 15:56:42 longestCommonPrefix.go:24: 3
Debug:2021/05/31 15:56:55 longestCommonPrefix.go:32: 此次循环字符串长度3
Debug:2021/05/31 15:56:55 longestCommonPrefix.go:32: 此次循环字符串长度3
Debug:2021/05/31 15:56:55 longestCommonPrefix.go:32: 此次循环字符串长度4
Debug:2021/05/31 15:56:55 longestCommonPrefix.go:32: 此次循环字符串长度3
Debug:2021/05/31 15:56:55 longestCommonPrefix.go:32: 此次循环字符串长度4
Debug:2021/05/31 15:56:55 longestCommonPrefix.go:16: 2
Debug:2021/05/31 15:56:55 longestCommonPrefix.go:24: 2
Debug:2021/05/31 15:57:28 longestCommonPrefix.go:31: 此次循环字符串长度4
Debug:2021/05/31 15:57:28 longestCommonPrefix.go:31: 此次循环字符串长度3
Debug:2021/05/31 15:57:28 longestCommonPrefix.go:31: 此次循环字符串长度4
Debug:2021/05/31 15:57:28 longestCommonPrefix.go:31: 此次循环字符串长度3
Debug:2021/05/31 15:57:28 longestCommonPrefix.go:31: 此次循环字符串长度4
Debug:2021/05/31 15:57:28 longestCommonPrefix.go:23: 3
Debug:2021/05/31 20:56:43 PalindromeString.go:14: 2
Debug:2021/05/31 20:56:43 PalindromeString.go:14: 2
Debug:2021/05/31 20:57:29 PalindromeString.go:14: 3
Debug:2021/05/31 20:57:29 PalindromeString.go:14: 2
Debug:2021/05/31 20:59:18 PalindromeString.go:17: 3
Debug:2021/05/31 20:59:18 PalindromeString.go:13: sh aw
Debug:2021/05/31 20:59:18 PalindromeString.go:17: 2
Debug:2021/05/31 21:00:47 PalindromeString.go:18: hel lo
Debug:2021/05/31 21:00:47 PalindromeString.go:20: 3
Debug:2021/05/31 21:00:47 PalindromeString.go:13: sh aw
Debug:2021/05/31 21:00:47 PalindromeString.go:20: 2
Debug:2021/05/31 21:00:59 PalindromeString.go:18: he lo
Debug:2021/05/31 21:00:59 PalindromeString.go:20: 3
Debug:2021/05/31 21:00:59 PalindromeString.go:13: sh aw
Debug:2021/05/31 21:00:59 PalindromeString.go:20: 2
Debug:2021/05/31 21:13:08 PalindromeString.go:20: he lo
Debug:2021/05/31 21:13:08 PalindromeString.go:29: Suffix is [108 111] type []uint8
Debug:2021/05/31 21:13:08 PalindromeString.go:30: Prefix is [104 101] type []uint8
Debug:2021/05/31 21:13:08 PalindromeString.go:31: 3
Debug:2021/05/31 21:13:08 PalindromeString.go:15: sh aw
Debug:2021/05/31 21:13:08 PalindromeString.go:29: Suffix is [97 119] type []uint8
Debug:2021/05/31 21:13:08 PalindromeString.go:30: Prefix is [115 104] type []uint8
Debug:2021/05/31 21:13:08 PalindromeString.go:31: 2
Debug:2021/05/31 21:14:28 PalindromeString.go:20: he lo
Debug:2021/05/31 21:14:28 PalindromeString.go:29: Suffix is [108 111] type []uint8
Debug:2021/05/31 21:14:28 PalindromeString.go:30: Prefix is [104 101] type []uint8
Debug:2021/05/31 21:14:28 PalindromeString.go:31: antiSuffix is [] type []uint8
Debug:2021/05/31 21:14:28 PalindromeString.go:32: 3
Debug:2021/05/31 21:14:28 PalindromeString.go:15: sh aw
Debug:2021/05/31 21:14:28 PalindromeString.go:29: Suffix is [97 119] type []uint8
Debug:2021/05/31 21:14:28 PalindromeString.go:30: Prefix is [115 104] type []uint8
Debug:2021/05/31 21:14:28 PalindromeString.go:31: antiSuffix is [] type []uint8
Debug:2021/05/31 21:14:28 PalindromeString.go:32: 2
Debug:2021/05/31 21:15:08 PalindromeString.go:20: he lo
Debug:2021/05/31 21:15:08 PalindromeString.go:27: [108]
Debug:2021/05/31 21:15:08 PalindromeString.go:27: [108 108]
Debug:2021/05/31 21:15:08 PalindromeString.go:29: Suffix is [108 111] type []uint8
Debug:2021/05/31 21:15:08 PalindromeString.go:30: Prefix is [104 101] type []uint8
Debug:2021/05/31 21:15:08 PalindromeString.go:31: antiSuffix is [108 108] type []uint8
Debug:2021/05/31 21:15:08 PalindromeString.go:32: 3
Debug:2021/05/31 21:15:08 PalindromeString.go:15: sh aw
Debug:2021/05/31 21:15:08 PalindromeString.go:27: [97]
Debug:2021/05/31 21:15:08 PalindromeString.go:27: [97 97]
Debug:2021/05/31 21:15:08 PalindromeString.go:29: Suffix is [97 119] type []uint8
Debug:2021/05/31 21:15:08 PalindromeString.go:30: Prefix is [115 104] type []uint8
Debug:2021/05/31 21:15:08 PalindromeString.go:31: antiSuffix is [97 97] type []uint8
Debug:2021/05/31 21:15:08 PalindromeString.go:32: 2
Debug:2021/05/31 21:15:22 PalindromeString.go:20: he lo
Debug:2021/05/31 21:15:22 PalindromeString.go:27: [108]
Debug:2021/05/31 21:15:22 PalindromeString.go:27: [108 108]
Debug:2021/05/31 21:15:22 PalindromeString.go:29: Suffix is [108 111] type []uint8
Debug:2021/05/31 21:15:22 PalindromeString.go:30: Prefix is [104 101] type []uint8
Debug:2021/05/31 21:15:22 PalindromeString.go:31: antiSuffix is [108 108] type []uint8
Debug:2021/05/31 21:15:22 PalindromeString.go:32: 3
Debug:2021/05/31 21:15:22 PalindromeString.go:15: md dm
Debug:2021/05/31 21:15:22 PalindromeString.go:27: [100]
Debug:2021/05/31 21:15:22 PalindromeString.go:27: [100 100]
Debug:2021/05/31 21:15:22 PalindromeString.go:29: Suffix is [100 109] type []uint8
Debug:2021/05/31 21:15:22 PalindromeString.go:30: Prefix is [109 100] type []uint8
Debug:2021/05/31 21:15:22 PalindromeString.go:31: antiSuffix is [100 100] type []uint8
Debug:2021/05/31 21:15:22 PalindromeString.go:32: 2
Debug:2021/05/31 21:22:21 PalindromeString.go:12: b[mid-1] = 101	b[mid+1] = 108
Debug:2021/06/01 17:24:21 PalindromeString.go:19: 2
Debug:2021/06/01 17:24:21 PalindromeString.go:21: 4
Debug:2021/06/01 17:24:53 PalindromeString.go:19: 2
Debug:2021/06/01 17:24:53 PalindromeString.go:21: 4
Debug:2021/06/01 17:25:19 PalindromeString.go:19: 2
Debug:2021/06/01 17:25:19 PalindromeString.go:21: 4
Debug:2021/06/01 18:20:43 PalindromeString.go:18: 2
Debug:2021/06/01 18:20:43 PalindromeString.go:20: 4
Debug:2021/06/01 20:15:23 longestCommonPrefix.go:47: 此次循环字符串长度4
Debug:2021/06/01 20:15:23 longestCommonPrefix.go:47: 此次循环字符串长度3
Debug:2021/06/01 20:15:23 longestCommonPrefix.go:47: 此次循环字符串长度4
Debug:2021/06/01 20:15:23 longestCommonPrefix.go:47: 此次循环字符串长度3
Debug:2021/06/01 20:15:23 longestCommonPrefix.go:47: 此次循环字符串长度4
Debug:2021/06/01 20:15:23 longestCommonPrefix.go:39: 3
Debug:2021/06/01 20:15:47 PalindromeString.go:13: 2  
Debug:2021/06/01 20:15:47 PalindromeString.go:13: 0  
Debug:2021/06/01 20:16:51 PalindromeString.go:13: mid = 2	prefix =	suffix =
Debug:2021/06/01 20:16:51 PalindromeString.go:13: mid = 0	prefix =	suffix =
Debug:2021/06/01 20:17:30 PalindromeString.go:13: mid = 2	prefix =	suffix =
Debug:2021/06/01 20:17:47 PalindromeString.go:13: mid = 3	prefix =	suffix =
Debug:2021/06/01 20:18:29 PalindromeString.go:15: mid = 3	prefix =abs	suffix =
Debug:2021/06/01 20:18:39 PalindromeString.go:15: mid = 2	prefix =ab	suffix =
Debug:2021/06/01 20:19:06 PalindromeString.go:16: mid = 2	prefix =ab	suffix =ba
Debug:2021/06/01 20:20:06 PalindromeString.go:20: mid = 2	prefix =ab	suffix =ba
Debug:2021/06/01 21:47:28 longestCommonPrefix.go:20: min = 4	s = abca
Debug:2021/06/01 21:47:28 longestCommonPrefix.go:20: min = 3	s = abc
Debug:2021/06/01 21:53:04 longestCommonPrefix.go:29: min = 4	s = abca
Debug:2021/06/01 21:53:04 longestCommonPrefix.go:29: min = 3	s = abc
Debug:2021/06/01 21:53:04 longestCommonPrefix.go:15: i=0	j=0	s[i]=97	strs[j][i]=97
Debug:2021/06/01 21:53:04 longestCommonPrefix.go:15: i=0	j=1	s[i]=97	strs[j][i]=97
Debug:2021/06/01 21:53:04 longestCommonPrefix.go:15: i=0	j=2	s[i]=97	strs[j][i]=97
Debug:2021/06/01 21:53:04 longestCommonPrefix.go:15: i=0	j=3	s[i]=97	strs[j][i]=97
Debug:2021/06/01 21:53:04 longestCommonPrefix.go:15: i=0	j=4	s[i]=97	strs[j][i]=97
Debug:2021/06/01 21:53:04 longestCommonPrefix.go:15: i=1	j=0	s[i]=98	strs[j][i]=98
Debug:2021/06/01 21:53:04 longestCommonPrefix.go:15: i=1	j=1	s[i]=98	strs[j][i]=98
Debug:2021/06/01 21:53:04 longestCommonPrefix.go:15: i=1	j=2	s[i]=98	strs[j][i]=98
Debug:2021/06/01 21:53:04 longestCommonPrefix.go:15: i=1	j=3	s[i]=98	strs[j][i]=98
Debug:2021/06/01 21:53:04 longestCommonPrefix.go:15: i=1	j=4	s[i]=98	strs[j][i]=98
Debug:2021/06/01 21:53:04 longestCommonPrefix.go:15: i=2	j=0	s[i]=99	strs[j][i]=99
Debug:2021/06/01 21:53:04 longestCommonPrefix.go:15: i=2	j=1	s[i]=99	strs[j][i]=99
Debug:2021/06/01 21:53:04 longestCommonPrefix.go:15: i=2	j=2	s[i]=99	strs[j][i]=99
Debug:2021/06/01 21:53:04 longestCommonPrefix.go:15: i=2	j=3	s[i]=99	strs[j][i]=99
Debug:2021/06/01 21:53:04 longestCommonPrefix.go:15: i=2	j=4	s[i]=99	strs[j][i]=99
Debug:2021/06/01 21:53:59 longestCommonPrefix.go:32: min = 4	s = abca
Debug:2021/06/01 21:53:59 longestCommonPrefix.go:32: min = 3	s = abc
Debug:2021/06/01 21:53:59 longestCommonPrefix.go:17: i=0	j=0	s[i]=97	strs[j][i]=97
Debug:2021/06/01 21:53:59 longestCommonPrefix.go:17: i=0	j=1	s[i]=97	strs[j][i]=97
Debug:2021/06/01 21:53:59 longestCommonPrefix.go:17: i=0	j=2	s[i]=97	strs[j][i]=97
Debug:2021/06/01 21:53:59 longestCommonPrefix.go:17: i=0	j=3	s[i]=97	strs[j][i]=97
Debug:2021/06/01 21:53:59 longestCommonPrefix.go:17: i=0	j=4	s[i]=97	strs[j][i]=97
Debug:2021/06/01 21:53:59 longestCommonPrefix.go:17: i=1	j=0	s[i]=98	strs[j][i]=98
Debug:2021/06/01 21:53:59 longestCommonPrefix.go:17: i=1	j=1	s[i]=98	strs[j][i]=98
Debug:2021/06/01 21:53:59 longestCommonPrefix.go:17: i=1	j=2	s[i]=98	strs[j][i]=98
Debug:2021/06/01 21:53:59 longestCommonPrefix.go:17: i=1	j=3	s[i]=98	strs[j][i]=98
Debug:2021/06/01 21:53:59 longestCommonPrefix.go:17: i=1	j=4	s[i]=98	strs[j][i]=98
Debug:2021/06/01 21:53:59 longestCommonPrefix.go:17: i=2	j=0	s[i]=99	strs[j][i]=99
Debug:2021/06/01 21:53:59 longestCommonPrefix.go:17: i=2	j=1	s[i]=99	strs[j][i]=99
Debug:2021/06/01 21:53:59 longestCommonPrefix.go:17: i=2	j=2	s[i]=99	strs[j][i]=99
Debug:2021/06/01 21:53:59 longestCommonPrefix.go:17: i=2	j=3	s[i]=99	strs[j][i]=99
Debug:2021/06/01 21:53:59 longestCommonPrefix.go:17: i=2	j=4	s[i]=99	strs[j][i]=99
Debug:2021/06/01 21:53:59 longestCommonPrefix.go:22: 15
Debug:2021/06/01 21:55:28 longestCommonPrefix.go:33: min = 4	s = abca
Debug:2021/06/01 21:55:28 longestCommonPrefix.go:33: min = 3	s = abc
Debug:2021/06/01 21:55:28 longestCommonPrefix.go:17: i=0	j=0	s[i]=97	strs[j][i]=97
Debug:2021/06/01 21:55:28 longestCommonPrefix.go:17: i=0	j=1	s[i]=97	strs[j][i]=97
Debug:2021/06/01 21:55:28 longestCommonPrefix.go:17: i=0	j=2	s[i]=97	strs[j][i]=97
Debug:2021/06/01 21:55:28 longestCommonPrefix.go:17: i=0	j=3	s[i]=97	strs[j][i]=97
Debug:2021/06/01 21:55:28 longestCommonPrefix.go:17: i=0	j=4	s[i]=97	strs[j][i]=97
Debug:2021/06/01 21:55:28 longestCommonPrefix.go:17: i=1	j=0	s[i]=98	strs[j][i]=98
Debug:2021/06/01 21:55:28 longestCommonPrefix.go:17: i=1	j=1	s[i]=98	strs[j][i]=98
Debug:2021/06/01 21:55:28 longestCommonPrefix.go:17: i=1	j=2	s[i]=98	strs[j][i]=98
Debug:2021/06/01 21:55:28 longestCommonPrefix.go:17: i=1	j=3	s[i]=98	strs[j][i]=98
Debug:2021/06/01 21:55:28 longestCommonPrefix.go:17: i=1	j=4	s[i]=98	strs[j][i]=98
Debug:2021/06/01 21:55:28 longestCommonPrefix.go:17: i=2	j=0	s[i]=99	strs[j][i]=99
Debug:2021/06/01 21:55:28 longestCommonPrefix.go:17: i=2	j=1	s[i]=99	strs[j][i]=99
Debug:2021/06/01 21:55:28 longestCommonPrefix.go:17: i=2	j=2	s[i]=99	strs[j][i]=99
Debug:2021/06/01 21:55:28 longestCommonPrefix.go:17: i=2	j=3	s[i]=99	strs[j][i]=99
Debug:2021/06/01 21:55:28 longestCommonPrefix.go:17: i=2	j=4	s[i]=99	strs[j][i]=99
Debug:2021/06/01 21:55:28 longestCommonPrefix.go:23: 3
Debug:2021/06/01 21:57:19 longestCommonPrefix.go:34: min = 4	s = abca
Debug:2021/06/01 21:57:19 longestCommonPrefix.go:34: min = 3	s = abc
Debug:2021/06/01 21:57:19 longestCommonPrefix.go:17: i=0	j=0	s[i]=97	strs[j][i]=97
Debug:2021/06/01 21:57:19 longestCommonPrefix.go:17: i=0	j=1	s[i]=97	strs[j][i]=97
Debug:2021/06/01 21:57:19 longestCommonPrefix.go:17: i=0	j=2	s[i]=97	strs[j][i]=97
Debug:2021/06/01 21:57:19 longestCommonPrefix.go:17: i=0	j=3	s[i]=97	strs[j][i]=97
Debug:2021/06/01 21:57:19 longestCommonPrefix.go:17: i=0	j=4	s[i]=97	strs[j][i]=97
Debug:2021/06/01 21:57:19 longestCommonPrefix.go:17: i=1	j=0	s[i]=98	strs[j][i]=98
Debug:2021/06/01 21:57:19 longestCommonPrefix.go:17: i=1	j=1	s[i]=98	strs[j][i]=98
Debug:2021/06/01 21:57:19 longestCommonPrefix.go:17: i=1	j=2	s[i]=98	strs[j][i]=98
Debug:2021/06/01 21:57:19 longestCommonPrefix.go:17: i=1	j=3	s[i]=98	strs[j][i]=98
Debug:2021/06/01 21:57:19 longestCommonPrefix.go:17: i=1	j=4	s[i]=98	strs[j][i]=98
Debug:2021/06/01 21:57:19 longestCommonPrefix.go:17: i=2	j=0	s[i]=99	strs[j][i]=99
Debug:2021/06/01 21:57:19 longestCommonPrefix.go:17: i=2	j=1	s[i]=99	strs[j][i]=99
Debug:2021/06/01 21:57:19 longestCommonPrefix.go:17: i=2	j=2	s[i]=99	strs[j][i]=99
Debug:2021/06/01 21:57:19 longestCommonPrefix.go:17: i=2	j=3	s[i]=99	strs[j][i]=99
Debug:2021/06/01 21:57:19 longestCommonPrefix.go:17: i=2	j=4	s[i]=99	strs[j][i]=99
Debug:2021/06/01 21:57:19 longestCommonPrefix.go:22: 15
Debug:2021/06/01 21:57:19 longestCommonPrefix.go:24: 3
Debug:2021/06/01 21:57:29 longestCommonPrefix.go:34: min = 4	s = acca
Debug:2021/06/01 21:57:29 longestCommonPrefix.go:34: min = 3	s = abc
Debug:2021/06/01 21:57:29 longestCommonPrefix.go:17: i=0	j=0	s[i]=97	strs[j][i]=97
Debug:2021/06/01 21:57:29 longestCommonPrefix.go:17: i=0	j=1	s[i]=97	strs[j][i]=97
Debug:2021/06/01 21:57:29 longestCommonPrefix.go:17: i=0	j=2	s[i]=97	strs[j][i]=97
Debug:2021/06/01 21:57:29 longestCommonPrefix.go:17: i=0	j=3	s[i]=97	strs[j][i]=97
Debug:2021/06/01 21:57:29 longestCommonPrefix.go:17: i=0	j=4	s[i]=97	strs[j][i]=97
Debug:2021/06/01 21:57:29 longestCommonPrefix.go:17: i=1	j=1	s[i]=98	strs[j][i]=98
Debug:2021/06/01 21:57:29 longestCommonPrefix.go:17: i=1	j=2	s[i]=98	strs[j][i]=98
Debug:2021/06/01 21:57:29 longestCommonPrefix.go:17: i=1	j=3	s[i]=98	strs[j][i]=98
Debug:2021/06/01 21:57:29 longestCommonPrefix.go:17: i=1	j=4	s[i]=98	strs[j][i]=98
Debug:2021/06/01 21:57:29 longestCommonPrefix.go:17: i=2	j=0	s[i]=99	strs[j][i]=99
Debug:2021/06/01 21:57:29 longestCommonPrefix.go:17: i=2	j=1	s[i]=99	strs[j][i]=99
Debug:2021/06/01 21:57:29 longestCommonPrefix.go:17: i=2	j=2	s[i]=99	strs[j][i]=99
Debug:2021/06/01 21:57:29 longestCommonPrefix.go:17: i=2	j=3	s[i]=99	strs[j][i]=99
Debug:2021/06/01 21:57:29 longestCommonPrefix.go:17: i=2	j=4	s[i]=99	strs[j][i]=99
Debug:2021/06/01 21:57:29 longestCommonPrefix.go:22: 14
Debug:2021/06/01 21:57:29 longestCommonPrefix.go:24: 2
Debug:2021/06/01 22:16:11 longestCommonPrefix.go:51: min = 4	s = acca
Debug:2021/06/01 22:16:11 longestCommonPrefix.go:51: min = 3	s = abc
Debug:2021/06/01 22:16:11 longestCommonPrefix.go:41: 3
Debug:2021/06/01 22:16:30 longestCommonPrefix.go:51: min = 4	s = abca
Debug:2021/06/01 22:16:30 longestCommonPrefix.go:51: min = 3	s = abc
Debug:2021/06/01 22:16:30 longestCommonPrefix.go:41: 3
Debug:2021/06/01 22:17:48 longestCommonPrefix.go:51: min = 4	s = abca
Debug:2021/06/01 22:17:48 longestCommonPrefix.go:51: min = 3	s = abc
Debug:2021/06/01 22:17:48 longestCommonPrefix.go:41: 3
Debug:2021/06/01 22:18:00 longestCommonPrefix.go:51: min = 4	s = abca
Debug:2021/06/01 22:18:00 longestCommonPrefix.go:51: min = 3	s = abc
Debug:2021/06/01 22:18:33 longestCommonPrefix.go:51: min = 4	s = abca
Debug:2021/06/01 22:18:33 longestCommonPrefix.go:51: min = 3	s = abc
Debug:2021/06/01 22:19:34 longestCommonPrefix.go:51: min = 4	s = abca
Debug:2021/06/01 22:19:34 longestCommonPrefix.go:51: min = 3	s = abc
Debug:2021/06/01 22:19:34 longestCommonPrefix.go:41: 3
Debug:2021/06/01 22:20:01 longestCommonPrefix.go:52: min = 4	s = abca
Debug:2021/06/01 22:20:01 longestCommonPrefix.go:52: min = 3	s = abc
Debug:2021/06/01 22:20:15 longestCommonPrefix.go:52: min = 3	s = aca
Debug:2021/06/01 22:20:15 longestCommonPrefix.go:18: final 6
Debug:2021/06/01 22:20:15 longestCommonPrefix.go:18: final 7
Debug:2021/06/01 22:20:15 longestCommonPrefix.go:18: final 8
Debug:2021/06/01 22:20:15 longestCommonPrefix.go:18: final 9
Debug:2021/06/01 22:20:15 longestCommonPrefix.go:18: final 11
Debug:2021/06/01 22:20:15 longestCommonPrefix.go:18: final 12
Debug:2021/06/01 22:20:15 longestCommonPrefix.go:18: final 13
Debug:2021/06/01 22:20:15 longestCommonPrefix.go:18: final 14
Debug:2021/06/01 22:28:41 longestCommonPrefix.go:63: min = 3	s = aca
Debug:2021/06/01 22:29:10 longestCommonPrefix.go:63: min = 3	s = aca
Debug:2021/06/02 17:34:52 longestCommonPrefix.go:32: min = 3	s = aca
Debug:2021/06/02 17:35:25 longestCommonPrefix.go:32: min = 3	s = aca
